<?xml version="1.0" encoding="UTF-8"?>
<coverage generated="1629689774071" clover="3.2.0">
  <project timestamp="1629689774071" name="All files">
    <metrics statements="32" coveredstatements="32" conditionals="20" coveredconditionals="20" methods="9" coveredmethods="9" elements="61" coveredelements="61" complexity="0" loc="32" ncloc="32" packages="1" files="1" classes="1"/>
    <file name="index.js" path="/Users/conner/dev/personal/file-actions/index.js">
      <metrics statements="32" coveredstatements="32" conditionals="20" coveredconditionals="20" methods="9" coveredmethods="9"/>
      <line num="1" count="1" type="stmt"/>
      <line num="2" count="1" type="stmt"/>
      <line num="4" count="1" type="stmt"/>
      <line num="12" count="1" type="cond" truecount="2" falsecount="0"/>
      <line num="13" count="1167" type="stmt"/>
      <line num="14" count="1167" type="stmt"/>
      <line num="19" count="1166" type="stmt"/>
      <line num="21" count="8287" type="stmt"/>
      <line num="22" count="8287" type="stmt"/>
      <line num="23" count="8287" type="cond" truecount="2" falsecount="0"/>
      <line num="27" count="1166" type="cond" truecount="2" falsecount="0"/>
      <line num="31" count="1" type="cond" truecount="3" falsecount="0"/>
      <line num="32" count="1" type="stmt"/>
      <line num="33" count="1" type="stmt"/>
      <line num="45" count="1" type="stmt"/>
      <line num="46" count="2" type="stmt"/>
      <line num="47" count="2" type="cond" truecount="2" falsecount="0"/>
      <line num="50" count="1" type="cond" truecount="1" falsecount="0"/>
      <line num="51" count="1" type="stmt"/>
      <line num="52" count="1" type="stmt"/>
      <line num="65" count="1" type="stmt"/>
      <line num="66" count="1" type="stmt"/>
      <line num="67" count="1" type="stmt"/>
      <line num="71" count="1" type="stmt"/>
      <line num="80" count="1" type="cond" truecount="1" falsecount="0"/>
      <line num="81" count="3" type="cond" truecount="2" falsecount="0"/>
      <line num="85" count="5" type="cond" truecount="1" falsecount="0"/>
      <line num="86" count="1" type="stmt"/>
      <line num="87" count="1" type="stmt"/>
      <line num="89" count="4" type="stmt"/>
      <line num="90" count="4" type="cond" truecount="2" falsecount="0"/>
      <line num="106" count="1" type="stmt"/>
    </file>
  </project>
</coverage>
