{"/Users/conner/dev/personal/file-actions/index.js": {"path":"/Users/conner/dev/personal/file-actions/index.js","statementMap":{"0":{"start":{"line":1,"column":11},"end":{"line":1,"column":24}},"1":{"start":{"line":2,"column":13},"end":{"line":2,"column":28}},"2":{"start":{"line":4,"column":20},"end":{"line":4,"column":22}},"3":{"start":{"line":12,"column":0},"end":{"line":38,"column":2}},"4":{"start":{"line":13,"column":2},"end":{"line":37,"column":3}},"5":{"start":{"line":14,"column":4},"end":{"line":28,"column":6}},"6":{"start":{"line":19,"column":10},"end":{"line":25,"column":11}},"7":{"start":{"line":21,"column":27},"end":{"line":21,"column":47}},"8":{"start":{"line":22,"column":28},"end":{"line":22,"column":59}},"9":{"start":{"line":23,"column":14},"end":{"line":23,"column":77}},"10":{"start":{"line":27,"column":26},"end":{"line":27,"column":61}},"11":{"start":{"line":31,"column":4},"end":{"line":34,"column":5}},"12":{"start":{"line":32,"column":6},"end":{"line":32,"column":51}},"13":{"start":{"line":33,"column":6},"end":{"line":33,"column":13}},"14":{"start":{"line":45,"column":0},"end":{"line":57,"column":2}},"15":{"start":{"line":46,"column":2},"end":{"line":56,"column":3}},"16":{"start":{"line":47,"column":4},"end":{"line":47,"column":66}},"17":{"start":{"line":50,"column":4},"end":{"line":53,"column":5}},"18":{"start":{"line":51,"column":6},"end":{"line":51,"column":46}},"19":{"start":{"line":52,"column":6},"end":{"line":52,"column":13}},"20":{"start":{"line":65,"column":0},"end":{"line":72,"column":5}},"21":{"start":{"line":66,"column":2},"end":{"line":72,"column":4}},"22":{"start":{"line":67,"column":4},"end":{"line":70,"column":6}},"23":{"start":{"line":71,"column":4},"end":{"line":71,"column":17}},"24":{"start":{"line":80,"column":0},"end":{"line":91,"column":9}},"25":{"start":{"line":81,"column":2},"end":{"line":91,"column":8}},"26":{"start":{"line":85,"column":4},"end":{"line":88,"column":5}},"27":{"start":{"line":86,"column":6},"end":{"line":86,"column":48}},"28":{"start":{"line":87,"column":6},"end":{"line":87,"column":39}},"29":{"start":{"line":89,"column":19},"end":{"line":89,"column":76}},"30":{"start":{"line":90,"column":4},"end":{"line":90,"column":45}},"31":{"start":{"line":106,"column":0},"end":{"line":106,"column":29}}},"fnMap":{"0":{"name":"(anonymous_0)","decl":{"start":{"line":12,"column":22},"end":{"line":12,"column":23}},"loc":{"start":{"line":12,"column":57},"end":{"line":38,"column":1}},"line":12},"1":{"name":"(anonymous_1)","decl":{"start":{"line":18,"column":14},"end":{"line":18,"column":15}},"loc":{"start":{"line":19,"column":10},"end":{"line":25,"column":11}},"line":19},"2":{"name":"(anonymous_2)","decl":{"start":{"line":20,"column":25},"end":{"line":20,"column":26}},"loc":{"start":{"line":20,"column":41},"end":{"line":24,"column":13}},"line":20},"3":{"name":"(anonymous_3)","decl":{"start":{"line":27,"column":14},"end":{"line":27,"column":15}},"loc":{"start":{"line":27,"column":26},"end":{"line":27,"column":61}},"line":27},"4":{"name":"(anonymous_4)","decl":{"start":{"line":45,"column":23},"end":{"line":45,"column":24}},"loc":{"start":{"line":45,"column":32},"end":{"line":57,"column":1}},"line":45},"5":{"name":"(anonymous_5)","decl":{"start":{"line":65,"column":24},"end":{"line":65,"column":25}},"loc":{"start":{"line":66,"column":2},"end":{"line":72,"column":4}},"line":66},"6":{"name":"(anonymous_6)","decl":{"start":{"line":66,"column":41},"end":{"line":66,"column":42}},"loc":{"start":{"line":66,"column":50},"end":{"line":72,"column":3}},"line":66},"7":{"name":"(anonymous_7)","decl":{"start":{"line":80,"column":25},"end":{"line":80,"column":26}},"loc":{"start":{"line":81,"column":2},"end":{"line":91,"column":8}},"line":81},"8":{"name":"(anonymous_8)","decl":{"start":{"line":82,"column":15},"end":{"line":82,"column":16}},"loc":{"start":{"line":82,"column":31},"end":{"line":91,"column":3}},"line":82}},"branchMap":{"0":{"loc":{"start":{"line":12,"column":23},"end":{"line":12,"column":38}},"type":"default-arg","locations":[{"start":{"line":12,"column":29},"end":{"line":12,"column":38}}],"line":12},"1":{"loc":{"start":{"line":12,"column":40},"end":{"line":12,"column":52}},"type":"default-arg","locations":[{"start":{"line":12,"column":47},"end":{"line":12,"column":52}}],"line":12},"2":{"loc":{"start":{"line":15,"column":6},"end":{"line":27,"column":63}},"type":"binary-expr","locations":[{"start":{"line":15,"column":6},"end":{"line":15,"column":36}},{"start":{"line":16,"column":6},"end":{"line":27,"column":63}}],"line":15},"3":{"loc":{"start":{"line":23,"column":33},"end":{"line":23,"column":75}},"type":"cond-expr","locations":[{"start":{"line":23,"column":41},"end":{"line":23,"column":66}},{"start":{"line":23,"column":69},"end":{"line":23,"column":75}}],"line":23},"4":{"loc":{"start":{"line":27,"column":26},"end":{"line":27,"column":61}},"type":"cond-expr","locations":[{"start":{"line":27,"column":33},"end":{"line":27,"column":53}},{"start":{"line":27,"column":56},"end":{"line":27,"column":61}}],"line":27},"5":{"loc":{"start":{"line":31,"column":4},"end":{"line":34,"column":5}},"type":"if","locations":[{"start":{"line":31,"column":4},"end":{"line":34,"column":5}}],"line":31},"6":{"loc":{"start":{"line":31,"column":8},"end":{"line":31,"column":55}},"type":"binary-expr","locations":[{"start":{"line":31,"column":8},"end":{"line":31,"column":30}},{"start":{"line":31,"column":34},"end":{"line":31,"column":55}}],"line":31},"7":{"loc":{"start":{"line":47,"column":11},"end":{"line":47,"column":65}},"type":"binary-expr","locations":[{"start":{"line":47,"column":11},"end":{"line":47,"column":36}},{"start":{"line":47,"column":40},"end":{"line":47,"column":65}}],"line":47},"8":{"loc":{"start":{"line":50,"column":4},"end":{"line":53,"column":5}},"type":"if","locations":[{"start":{"line":50,"column":4},"end":{"line":53,"column":5}}],"line":50},"9":{"loc":{"start":{"line":80,"column":33},"end":{"line":80,"column":43}},"type":"default-arg","locations":[{"start":{"line":80,"column":39},"end":{"line":80,"column":43}}],"line":80},"10":{"loc":{"start":{"line":81,"column":2},"end":{"line":91,"column":8}},"type":"binary-expr","locations":[{"start":{"line":81,"column":2},"end":{"line":81,"column":22}},{"start":{"line":82,"column":2},"end":{"line":91,"column":8}}],"line":81},"11":{"loc":{"start":{"line":85,"column":4},"end":{"line":88,"column":5}},"type":"if","locations":[{"start":{"line":85,"column":4},"end":{"line":88,"column":5}}],"line":85},"12":{"loc":{"start":{"line":90,"column":11},"end":{"line":90,"column":44}},"type":"cond-expr","locations":[{"start":{"line":90,"column":20},"end":{"line":90,"column":37}},{"start":{"line":90,"column":40},"end":{"line":90,"column":44}}],"line":90}},"s":{"0":1,"1":1,"2":1,"3":1,"4":1167,"5":1167,"6":1166,"7":8287,"8":8287,"9":8287,"10":1166,"11":1,"12":1,"13":1,"14":1,"15":2,"16":2,"17":1,"18":1,"19":1,"20":1,"21":1,"22":1,"23":1,"24":1,"25":3,"26":5,"27":1,"28":1,"29":4,"30":4,"31":1},"f":{"0":1167,"1":1166,"2":8287,"3":1166,"4":2,"5":1,"6":1,"7":3,"8":5},"b":{"0":[1],"1":[1166],"2":[1167,1166],"3":[1162,7125],"4":[1,1165],"5":[1],"6":[1,1],"7":[2,1],"8":[1],"9":[3],"10":[3,2],"11":[1],"12":[3,1]},"_coverageSchema":"1a1c01bbd47fc00a2c39e90264f33305004495a9","hash":"024ef0223d4be0fa6ea9b348ff614c8084a143fa"}
}
