TN:
SF:index.js
FN:12,(anonymous_0)
FN:18,(anonymous_1)
FN:20,(anonymous_2)
FN:27,(anonymous_3)
FN:45,(anonymous_4)
FN:65,(anonymous_5)
FN:66,(anonymous_6)
FN:80,(anonymous_7)
FN:82,(anonymous_8)
FNF:9
FNH:9
FNDA:1167,(anonymous_0)
FNDA:1166,(anonymous_1)
FNDA:8287,(anonymous_2)
FNDA:1166,(anonymous_3)
FNDA:2,(anonymous_4)
FNDA:1,(anonymous_5)
FNDA:1,(anonymous_6)
FNDA:3,(anonymous_7)
FNDA:5,(anonymous_8)
DA:1,1
DA:2,1
DA:4,1
DA:12,1
DA:13,1167
DA:14,1167
DA:19,1166
DA:21,8287
DA:22,8287
DA:23,8287
DA:27,1166
DA:31,1
DA:32,1
DA:33,1
DA:45,1
DA:46,2
DA:47,2
DA:50,1
DA:51,1
DA:52,1
DA:65,1
DA:66,1
DA:67,1
DA:71,1
DA:80,1
DA:81,3
DA:85,5
DA:86,1
DA:87,1
DA:89,4
DA:90,4
DA:106,1
LF:32
LH:32
BRDA:12,0,0,1
BRDA:12,1,0,1166
BRDA:15,2,0,1167
BRDA:15,2,1,1166
BRDA:23,3,0,1162
BRDA:23,3,1,7125
BRDA:27,4,0,1
BRDA:27,4,1,1165
BRDA:31,5,0,1
BRDA:31,6,0,1
BRDA:31,6,1,1
BRDA:47,7,0,2
BRDA:47,7,1,1
BRDA:50,8,0,1
BRDA:80,9,0,3
BRDA:81,10,0,3
BRDA:81,10,1,2
BRDA:85,11,0,1
BRDA:90,12,0,3
BRDA:90,12,1,1
BRF:20
BRH:20
end_of_record
